2022-02-18 23:19:30.435 1        INFO  STARTUP          <main> SwirldsPlatform: startUpEventFrozenEndTime: 2022-02-18T23:19:40.399883254Z
2022-02-18 23:19:30.456 2        INFO  STARTUP          <main> SwirldsPlatform: initialize eventStreamManager
2022-02-18 23:19:37.435 9        INFO  STARTUP          <main> EventFlow: EventFlow.startAll(), forCons.size: 0, forCurr.size: 0, forNext.size: null, forSigs.size: 0, forWork.size: null
2022-02-18 23:19:39.826 10       INFO  STARTUP          <<platform-core: CsvWriter 0 #0>> CsvWriter: CsvWriter: Initializing statistics output in CSV format [ writePeriod = '3000', csvOutputFolder = '/opt/hgcapp/services-hedera/HapiApp2.0/data/stats', csvFileName = 'MainNetStats0.csv' ]
2022-02-18 23:19:40.079 11       INFO  PLATFORM_STATUS  <<platform-core: syncCaller-0 0 #0>> SwirldsPlatform: Platform status changed. {"oldStatus":"","newStatus":"ACTIVE"} [com.swirlds.logging.payloads.PlatformStatusPayload]
2022-02-18 23:19:40.085 12       INFO  PLATFORM_STATUS  <<platform-core: syncCaller-0 0 #0>> SwirldsPlatform: Platform status changed to: ACTIVE
2022-02-18 23:19:41.547 13       INFO  STATE_TO_DISK    <<platform-core: objectFileManager 0 #0>> SignedStateFileManager: Started writing 'Signed state for round 1' to disk
2022-02-18 23:19:42.355 16       INFO  STATE_TO_DISK    <<platform-core: objectFileManager 0 #0>> SignedStateFileManager: Done writing saved state with HashEventsCons aa90309a977c457c9bf2ca211d8f515ee8880159a7385f19f08df602b8959664a97e6b5a3f6c4e63bcc6f85fb7ffcc82, starting with local events
2022-02-18 23:19:42.495 17       INFO  STATE_TO_DISK    <<platform-core: objectFileManager 0 #0>> SignedStateFileManager: 'Signed state for round 1' waiting for snapshotTask
2022-02-18 23:19:43.726 18       INFO  STATE_TO_DISK    <<platform-core: objectFileManager 0 #0>> SignedStateFileManager: Finished writing 'Signed state for round 1' to disk
2022-02-18 23:19:43.798 19       INFO  SNAPSHOT_MANAGER << SnapshotManager >> SnapshotManager: SnapshotManager: Completed task [taskType='BACKUP', applicationName='com.hedera.services.ServicesMain', worldId='hedera', nodeId=0, roundNumber=1, snapshotId=00000003-00000029-1, timeStarted=2022-02-18T23:19:41.616817285Z, timeCompleted=2022-02-18T23:19:43.674630271Z, complete=true, error=false ]
2022-02-18 23:23:36.819 1        INFO  STARTUP          <main> SwirldsPlatform: startUpEventFrozenEndTime: 2022-02-18T23:23:46.801954268Z
2022-02-18 23:23:36.844 2        INFO  STARTUP          <main> SwirldsPlatform: initialize eventStreamManager
2022-02-18 23:23:42.351 9        INFO  STARTUP          <main> EventFlow: EventFlow.startAll(), forCons.size: 0, forCurr.size: 0, forNext.size: null, forSigs.size: 0, forWork.size: null
2022-02-18 23:23:44.490 10       INFO  STARTUP          <<platform-core: CsvWriter 0 #0>> CsvWriter: CsvWriter: Initializing statistics output in CSV format [ writePeriod = '3000', csvOutputFolder = '/opt/hgcapp/services-hedera/HapiApp2.0/data/stats', csvFileName = 'MainNetStats0.csv' ]
2022-02-18 23:23:44.554 11       INFO  PLATFORM_STATUS  <<platform-core: syncCaller-0 0 #0>> SwirldsPlatform: Platform status changed. {"oldStatus":"","newStatus":"ACTIVE"} [com.swirlds.logging.payloads.PlatformStatusPayload]
2022-02-18 23:23:44.566 12       INFO  PLATFORM_STATUS  <<platform-core: syncCaller-0 0 #0>> SwirldsPlatform: Platform status changed to: ACTIVE
2022-02-18 23:23:45.667 13       INFO  STATE_TO_DISK    <<platform-core: objectFileManager 0 #0>> SignedStateFileManager: Started writing 'Signed state for round 1' to disk
2022-02-18 23:23:46.245 16       INFO  STATE_TO_DISK    <<platform-core: objectFileManager 0 #0>> SignedStateFileManager: Done writing saved state with HashEventsCons 4c908503381a40b795fbe5cc23231dcc8f1463a8f4dd0e9f3552384a86ed6b696f9f9ad02308f14d4709db8142da7a75, starting with local events
2022-02-18 23:23:46.272 17       INFO  STATE_TO_DISK    <<platform-core: objectFileManager 0 #0>> SignedStateFileManager: 'Signed state for round 1' waiting for snapshotTask
2022-02-18 23:23:47.412 18       INFO  STATE_TO_DISK    <<platform-core: objectFileManager 0 #0>> SignedStateFileManager: Finished writing 'Signed state for round 1' to disk
2022-02-18 23:23:47.508 19       INFO  SNAPSHOT_MANAGER << SnapshotManager >> SnapshotManager: SnapshotManager: Completed task [taskType='BACKUP', applicationName='com.hedera.services.ServicesMain', worldId='hedera', nodeId=0, roundNumber=1, snapshotId=00000003-00000029-1, timeStarted=2022-02-18T23:23:45.709073020Z, timeCompleted=2022-02-18T23:23:47.383050243Z, complete=true, error=false ]
2022-02-18 23:30:00.145 1459     INFO  STATE_TO_DISK    <<platform-core: objectFileManager 0 #0>> SignedStateFileManager: Started writing 'Signed state for round 7403' to disk
2022-02-18 23:30:00.198 1462     INFO  STATE_TO_DISK    <<platform-core: objectFileManager 0 #0>> SignedStateFileManager: Done writing saved state with HashEventsCons 7741d36bf4ac9a923a849f0ee70bfb7b8f53c591d5a7da1bf025a391fb9bce5c10a457029b085bff0c066c765e3a7105, starting with local events
2022-02-18 23:30:00.201 1463     INFO  STATE_TO_DISK    <<platform-core: objectFileManager 0 #0>> SignedStateFileManager: 'Signed state for round 7403' waiting for snapshotTask
2022-02-18 23:30:00.500 1464     INFO  STATE_TO_DISK    <<platform-core: objectFileManager 0 #0>> SignedStateFileManager: Finished writing 'Signed state for round 7403' to disk
2022-02-18 23:30:00.500 1465     INFO  SNAPSHOT_MANAGER << SnapshotManager >> SnapshotManager: SnapshotManager: Completed task [taskType='BACKUP', applicationName='com.hedera.services.ServicesMain', worldId='hedera', nodeId=0, roundNumber=7403, snapshotId=00000003-0000002B-1, timeStarted=2022-02-18T23:30:00.146993587Z, timeCompleted=2022-02-18T23:30:00.499350554Z, complete=true, error=false ]
2022-02-18 23:36:38.747 1        INFO  STARTUP          <main> SwirldsPlatform: startUpEventFrozenEndTime: 2022-02-18T23:36:48.701499483Z
2022-02-18 23:36:38.765 2        INFO  STARTUP          <main> SwirldsPlatform: initialize eventStreamManager
2022-02-18 23:36:44.143 9        INFO  STARTUP          <main> EventFlow: EventFlow.startAll(), forCons.size: 0, forCurr.size: 0, forNext.size: null, forSigs.size: 0, forWork.size: null
2022-02-18 23:36:46.640 10       INFO  STARTUP          <<platform-core: CsvWriter 0 #0>> CsvWriter: CsvWriter: Initializing statistics output in CSV format [ writePeriod = '3000', csvOutputFolder = '/opt/hgcapp/services-hedera/HapiApp2.0/data/stats', csvFileName = 'MainNetStats0.csv' ]
2022-02-18 23:36:46.671 11       INFO  PLATFORM_STATUS  <<platform-core: syncCaller-0 0 #0>> SwirldsPlatform: Platform status changed. {"oldStatus":"","newStatus":"ACTIVE"} [com.swirlds.logging.payloads.PlatformStatusPayload]
2022-02-18 23:36:46.681 12       INFO  PLATFORM_STATUS  <<platform-core: syncCaller-0 0 #0>> SwirldsPlatform: Platform status changed to: ACTIVE
2022-02-18 23:36:48.133 13       INFO  STATE_TO_DISK    <<platform-core: objectFileManager 0 #0>> SignedStateFileManager: Started writing 'Signed state for round 1' to disk
2022-02-18 23:36:48.516 16       INFO  STATE_TO_DISK    <<platform-core: objectFileManager 0 #0>> SignedStateFileManager: Done writing saved state with HashEventsCons 0428f69ed6c3ff7c6df28e6dd99c55e1df8ec4809546cc3e68c92332b7a57295941ea79900b066a4968007b09972c885, starting with local events
2022-02-18 23:36:48.569 17       INFO  STATE_TO_DISK    <<platform-core: objectFileManager 0 #0>> SignedStateFileManager: 'Signed state for round 1' waiting for snapshotTask
2022-02-18 23:36:49.513 18       INFO  STATE_TO_DISK    <<platform-core: objectFileManager 0 #0>> SignedStateFileManager: Finished writing 'Signed state for round 1' to disk
2022-02-18 23:36:49.592 19       INFO  SNAPSHOT_MANAGER << SnapshotManager >> SnapshotManager: SnapshotManager: Completed task [taskType='BACKUP', applicationName='com.hedera.services.ServicesMain', worldId='hedera', nodeId=0, roundNumber=1, snapshotId=00000003-00000027-1, timeStarted=2022-02-18T23:36:48.158176307Z, timeCompleted=2022-02-18T23:36:49.462697862Z, complete=true, error=false ]
2022-02-18 23:40:35.296 1        INFO  STARTUP          <main> SwirldsPlatform: startUpEventFrozenEndTime: 2022-02-18T23:40:45.280067450Z
2022-02-18 23:40:35.309 2        INFO  STARTUP          <main> SwirldsPlatform: initialize eventStreamManager
2022-02-18 23:40:42.701 9        INFO  STARTUP          <main> EventFlow: EventFlow.startAll(), forCons.size: 0, forCurr.size: 0, forNext.size: null, forSigs.size: 0, forWork.size: null
2022-02-18 23:40:45.474 10       INFO  STARTUP          <<platform-core: CsvWriter 0 #0>> CsvWriter: CsvWriter: Initializing statistics output in CSV format [ writePeriod = '3000', csvOutputFolder = '/opt/hgcapp/services-hedera/HapiApp2.0/data/stats', csvFileName = 'MainNetStats0.csv' ]
2022-02-18 23:40:45.872 11       INFO  PLATFORM_STATUS  <<platform-core: syncCaller-0 0 #0>> SwirldsPlatform: Platform status changed. {"oldStatus":"","newStatus":"ACTIVE"} [com.swirlds.logging.payloads.PlatformStatusPayload]
2022-02-18 23:40:45.878 12       INFO  PLATFORM_STATUS  <<platform-core: syncCaller-0 0 #0>> SwirldsPlatform: Platform status changed to: ACTIVE
2022-02-18 23:40:47.193 13       INFO  STATE_TO_DISK    <<platform-core: objectFileManager 0 #0>> SignedStateFileManager: Started writing 'Signed state for round 1' to disk
2022-02-18 23:40:47.752 16       INFO  STATE_TO_DISK    <<platform-core: objectFileManager 0 #0>> SignedStateFileManager: Done writing saved state with HashEventsCons 83d1d62c477ea19ec50fadc9f53908b64f7382bf38f306e97cf3324d2cf1b4ec7da15b42f4a73f9d58cc9b1baafc7f53, starting with local events
2022-02-18 23:40:47.836 17       INFO  STATE_TO_DISK    <<platform-core: objectFileManager 0 #0>> SignedStateFileManager: 'Signed state for round 1' waiting for snapshotTask
2022-02-18 23:40:48.710 18       INFO  STATE_TO_DISK    <<platform-core: objectFileManager 0 #0>> SignedStateFileManager: Finished writing 'Signed state for round 1' to disk
2022-02-18 23:40:48.830 19       INFO  SNAPSHOT_MANAGER << SnapshotManager >> SnapshotManager: SnapshotManager: Completed task [taskType='BACKUP', applicationName='com.hedera.services.ServicesMain', worldId='hedera', nodeId=0, roundNumber=1, snapshotId=00000003-00000029-1, timeStarted=2022-02-18T23:40:47.225429844Z, timeCompleted=2022-02-18T23:40:48.692339379Z, complete=true, error=false ]
2022-02-18 23:45:00.133 992      INFO  STATE_TO_DISK    <<platform-core: objectFileManager 0 #0>> SignedStateFileManager: Started writing 'Signed state for round 5015' to disk
2022-02-18 23:45:00.191 995      INFO  STATE_TO_DISK    <<platform-core: objectFileManager 0 #0>> SignedStateFileManager: Done writing saved state with HashEventsCons eb4c03433abb803f6108abb87d83f6064428275bc6a4f38c98380441c8ebf51b8ea3c874b953ad2951ecd662aa78cfd9, starting with local events
2022-02-18 23:45:00.194 996      INFO  STATE_TO_DISK    <<platform-core: objectFileManager 0 #0>> SignedStateFileManager: 'Signed state for round 5015' waiting for snapshotTask
2022-02-18 23:45:00.462 997      INFO  SNAPSHOT_MANAGER << SnapshotManager >> SnapshotManager: SnapshotManager: Completed task [taskType='BACKUP', applicationName='com.hedera.services.ServicesMain', worldId='hedera', nodeId=0, roundNumber=5015, snapshotId=00000003-0000002B-1, timeStarted=2022-02-18T23:45:00.134896375Z, timeCompleted=2022-02-18T23:45:00.462143351Z, complete=true, error=false ]
2022-02-18 23:45:00.462 998      INFO  STATE_TO_DISK    <<platform-core: objectFileManager 0 #0>> SignedStateFileManager: Finished writing 'Signed state for round 5015' to disk
2022-02-18 23:46:11.061 1        INFO  STARTUP          <main> SwirldsPlatform: startUpEventFrozenEndTime: 2022-02-18T23:46:21.044934905Z
2022-02-18 23:46:11.107 2        INFO  STARTUP          <main> SwirldsPlatform: initialize eventStreamManager
2022-02-18 23:46:19.697 9        INFO  STARTUP          <main> EventFlow: EventFlow.startAll(), forCons.size: 0, forCurr.size: 0, forNext.size: null, forSigs.size: 0, forWork.size: null
2022-02-18 23:46:22.842 10       INFO  STARTUP          <<platform-core: CsvWriter 0 #0>> CsvWriter: CsvWriter: Initializing statistics output in CSV format [ writePeriod = '3000', csvOutputFolder = '/opt/hgcapp/services-hedera/HapiApp2.0/data/stats', csvFileName = 'MainNetStats0.csv' ]
2022-02-18 23:46:23.143 11       INFO  PLATFORM_STATUS  <<platform-core: syncCaller-0 0 #0>> SwirldsPlatform: Platform status changed. {"oldStatus":"","newStatus":"ACTIVE"} [com.swirlds.logging.payloads.PlatformStatusPayload]
2022-02-18 23:46:23.162 12       INFO  PLATFORM_STATUS  <<platform-core: syncCaller-0 0 #0>> SwirldsPlatform: Platform status changed to: ACTIVE
2022-02-18 23:46:25.245 13       INFO  STATE_TO_DISK    <<platform-core: objectFileManager 0 #0>> SignedStateFileManager: Started writing 'Signed state for round 1' to disk
2022-02-18 23:46:26.126 16       INFO  STATE_TO_DISK    <<platform-core: objectFileManager 0 #0>> SignedStateFileManager: Done writing saved state with HashEventsCons 7dab27ca5a07dbe22063fd4a533f0d2f49ff94c8b202c23d2c7ce281904c66b151c80c4d1cd989fb1b8bf328a12b053c, starting with local events
2022-02-18 23:46:26.196 17       INFO  STATE_TO_DISK    <<platform-core: objectFileManager 0 #0>> SignedStateFileManager: 'Signed state for round 1' waiting for snapshotTask
2022-02-18 23:46:27.387 18       INFO  STATE_TO_DISK    <<platform-core: objectFileManager 0 #0>> SignedStateFileManager: Finished writing 'Signed state for round 1' to disk
2022-02-18 23:46:27.537 19       INFO  SNAPSHOT_MANAGER << SnapshotManager >> SnapshotManager: SnapshotManager: Completed task [taskType='BACKUP', applicationName='com.hedera.services.ServicesMain', worldId='hedera', nodeId=0, roundNumber=1, snapshotId=00000003-00000027-1, timeStarted=2022-02-18T23:46:25.314923731Z, timeCompleted=2022-02-18T23:46:27.323704896Z, complete=true, error=false ]
2022-02-18 23:52:36.902 1        INFO  STARTUP          <main> SwirldsPlatform: startUpEventFrozenEndTime: 2022-02-18T23:52:46.854135990Z
2022-02-18 23:52:36.952 2        INFO  STARTUP          <main> SwirldsPlatform: initialize eventStreamManager
2022-02-18 23:52:47.399 9        INFO  STARTUP          <main> EventFlow: EventFlow.startAll(), forCons.size: 0, forCurr.size: 0, forNext.size: null, forSigs.size: 0, forWork.size: null
2022-02-18 23:52:52.153 10       INFO  STARTUP          <<platform-core: CsvWriter 0 #0>> CsvWriter: CsvWriter: Initializing statistics output in CSV format [ writePeriod = '3000', csvOutputFolder = '/opt/hgcapp/services-hedera/HapiApp2.0/data/stats', csvFileName = 'MainNetStats0.csv' ]
2022-02-18 23:52:52.584 11       INFO  PLATFORM_STATUS  <<platform-core: syncCaller-0 0 #0>> SwirldsPlatform: Platform status changed. {"oldStatus":"","newStatus":"ACTIVE"} [com.swirlds.logging.payloads.PlatformStatusPayload]
2022-02-18 23:52:52.590 12       INFO  PLATFORM_STATUS  <<platform-core: syncCaller-0 0 #0>> SwirldsPlatform: Platform status changed to: ACTIVE
2022-02-18 23:52:55.499 13       INFO  STATE_TO_DISK    <<platform-core: objectFileManager 0 #0>> SignedStateFileManager: Started writing 'Signed state for round 1' to disk
2022-02-18 23:52:56.074 16       INFO  STATE_TO_DISK    <<platform-core: objectFileManager 0 #0>> SignedStateFileManager: Done writing saved state with HashEventsCons 31006ebc0bda974c32cad8d2c9c61f36acf775dcc3f6b5202883a6bcd8b4a43e615348e7d2c384de6c445cdbea8523ee, starting with local events
2022-02-18 23:52:56.216 17       INFO  STATE_TO_DISK    <<platform-core: objectFileManager 0 #0>> SignedStateFileManager: 'Signed state for round 1' waiting for snapshotTask
2022-02-18 23:52:57.873 18       INFO  STATE_TO_DISK    <<platform-core: objectFileManager 0 #0>> SignedStateFileManager: Finished writing 'Signed state for round 1' to disk
2022-02-18 23:52:58.021 19       INFO  SNAPSHOT_MANAGER << SnapshotManager >> SnapshotManager: SnapshotManager: Completed task [taskType='BACKUP', applicationName='com.hedera.services.ServicesMain', worldId='hedera', nodeId=0, roundNumber=1, snapshotId=00000003-0000002C-1, timeStarted=2022-02-18T23:52:55.589098730Z, timeCompleted=2022-02-18T23:52:57.748951086Z, complete=true, error=false ]
