Could not rename log file 'gc.log' to 'gc.log.0' (Device or resource busy).
Reading the settings from the file:        /opt/hgcapp/services-hedera/HapiApp2.0/settings.txt
Reading the configuration from the file:   /opt/hgcapp/services-hedera/HapiApp2.0/config.txt
Reading crypto keys from the files here:   /opt/hgcapp/services-hedera/HapiApp2.0/data/keys*.pfx
2022-02-21 16:54:58.278 INFO  189  ServicesState - Init called on Services node 0 WITHOUT Merkle saved state
2022-02-21 16:54:58.421 INFO  119  BootstrapProperties - Resolved bootstrap properties:
  accounts.addressBookAdmin=55
  accounts.exchangeRatesAdmin=57
  accounts.feeSchedulesAdmin=56
  accounts.freezeAdmin=58
  accounts.systemAdmin=50
  accounts.systemDeleteAdmin=59
  accounts.systemUndeleteAdmin=60
  accounts.treasury=2
  autoCreation.enabled=true
  autorenew.gracePeriod=604800
  autorenew.isEnabled=false
  autorenew.maxNumberOfEntitiesToRenewOrDelete=2
  autorenew.numberOfEntitiesToScan=100
  balances.exportDir.path=/opt/hgcapp/accountBalances/
  balances.exportEnabled=true
  balances.exportPeriodSecs=900
  balances.exportTokenBalances=true
  balances.nodeBalanceWarningThreshold=0
  bootstrap.feeSchedulesJson.resource=feeSchedules.json
  bootstrap.genesisB64Keystore.keyName=START_ACCOUNT
  bootstrap.genesisB64Keystore.path=data/onboard/StartUpAccount.txt
  bootstrap.genesisPem.path=TBD
  bootstrap.genesisPemPassphrase.path=TBD
  bootstrap.hapiPermissions.path=data/config/api-permission.properties
  bootstrap.networkProperties.path=data/config/application.properties
  bootstrap.rates.currentCentEquiv=12
  bootstrap.rates.currentExpiry=4102444800
  bootstrap.rates.currentHbarEquiv=1
  bootstrap.rates.nextCentEquiv=15
  bootstrap.rates.nextExpiry=4102444800
  bootstrap.rates.nextHbarEquiv=1
  bootstrap.system.entityExpiry=4102444800
  bootstrap.throttleDefsJson.resource=throttles.json
  cache.records.ttl=180
  consensus.message.maxBytesAllowed=1024
  contracts.chainId=293
  contracts.consensusThrottleMaxGasLimit=15000000
  contracts.defaultLifetime=7890000
  contracts.frontendThrottleMaxGasLimit=5000000
  contracts.localCall.estRetBytes=32
  contracts.maxGas=5000000
  contracts.maxKvPairs.aggregate=500000000
  contracts.maxKvPairs.individual=163840
  contracts.maxRefundPercentOfGasLimit=20
  contracts.precompile.htsDefaultGasCost=10000
  contracts.throttle.throttleByGas=true
  dev.defaultListeningNodeAccount=0.0.3
  dev.onlyDefaultNodeListens=true
  entities.maxLifetime=3153600000
  fees.minCongestionPeriod=60
  fees.percentCongestionMultipliers=CongestionMultipliers{10x @ >=90%, 25x @ >=95%, 100x @ >=99%}
  fees.tokenTransferUsageMultiplier=380
  files.addressBook=101
  files.exchangeRates=112
  files.feeSchedules=111
  files.hapiPermissions=122
  files.maxSizeKb=1024
  files.networkProperties=121
  files.nodeDetails=102
  files.softwareUpdateRange=(150,159)
  files.throttleDefinitions=123
  grpc.port=50211
  grpc.tlsPort=50212
  hedera.accountsExportPath=data/onboard/exportedAccount.txt
  hedera.exportAccountsOnStartup=false
  hedera.numReservedSystemEntities=1000
  hedera.prefetch.codeCacheTtlSecs=600
  hedera.prefetch.queueCapacity=70000
  hedera.prefetch.threadPoolSize=4
  hedera.profiles.active=PROD
  hedera.realm=0
  hedera.recordStream.isEnabled=true
  hedera.recordStream.logDir=/opt/hgcapp/recordStreams
  hedera.recordStream.logPeriod=2
  hedera.recordStream.queueCapacity=5000
  hedera.shard=0
  hedera.transaction.maxMemoUtf8Bytes=100
  hedera.transaction.maxValidDuration=180
  hedera.transaction.minValidDuration=15
  hedera.transaction.minValidityBufferSecs=10
  iss.dumpFcms=false
  iss.resetPeriod=60
  iss.roundsToDump=5000
  ledger.autoRenewPeriod.maxDuration=8000001
  ledger.autoRenewPeriod.minDuration=6999999
  ledger.changeHistorian.memorySecs=20
  ledger.fundingAccount=98
  ledger.id=0x00
  ledger.maxAccountNum=100000000
  ledger.nftTransfers.maxLen=10
  ledger.numSystemAccounts=100
  ledger.schedule.txExpiryTimeSecs=1800
  ledger.tokenTransfers.maxLen=10
  ledger.totalTinyBarFloat=5000000000000000000
  ledger.transfers.maxLen=10
  ledger.xferBalanceChanges.maxLen=20
  netty.mode=PROD
  netty.prod.flowControlWindow=10240
  netty.prod.keepAliveTime=10
  netty.prod.keepAliveTimeout=3
  netty.prod.maxConcurrentCalls=10
  netty.prod.maxConnectionAge=15
  netty.prod.maxConnectionAgeGrace=5
  netty.prod.maxConnectionIdle=10
  netty.startRetries=90
  netty.startRetryIntervalMs=1000
  netty.tlsCrt.path=hedera.crt
  netty.tlsKey.path=hedera.key
  queries.blob.lookupRetries=3
  rates.intradayChangeLimitPercent=25
  rates.midnightCheckInterval=1
  scheduling.triggerTxn.windBackNanos=11
  scheduling.whitelist=[TokenBurn, ConsensusSubmitMessage, TokenMint, CryptoTransfer]
  sigs.expandFromLastSignedState=true
  stats.executionTimesToTrack=0
  stats.hapiOps.speedometerUpdateIntervalMs=3000
  stats.runningAvgHalfLifeSecs=10.0
  stats.speedometerHalfLifeSecs=10.0
  tokens.maxCustomFeeDepth=2
  tokens.maxCustomFeesAllowed=10
  tokens.maxPerAccount=1000
  tokens.maxSymbolUtf8Bytes=100
  tokens.maxTokenNameUtf8Bytes=100
  tokens.nfts.areEnabled=true
  tokens.nfts.areQueriesEnabled=true
  tokens.nfts.maxAllowedMints=5000000
  tokens.nfts.maxBatchSizeBurn=10
  tokens.nfts.maxBatchSizeMint=10
  tokens.nfts.maxBatchSizeWipe=10
  tokens.nfts.maxMetadataBytes=100
  tokens.nfts.maxQueryRange=100
  tokens.nfts.mintThrottleScaleFactor=ThrottleReqOpsScaleFactor{scale=5:2}
  tokens.nfts.useTreasuryWildcards=true
  upgrade.artifacts.path=/opt/hgcapp/services-hedera/HapiApp2.0/data/upgrade/current
2022-02-21 16:54:59.078 INFO  392  ServicesState - Dual state includes freeze time=null and last frozen=null
2022-02-21 16:54:59.128 INFO  42   ScreenedNodeFileProps - No overrides present at data/config/node.properties.
2022-02-21 16:54:59.131 INFO  94   ScreenedNodeFileProps - Node-local properties overridden on disk are:
  
2022-02-21 16:54:59.488 INFO  171  RecordStreamManager - Finish initializing RecordStreamManager with: enableRecordStreaming: true, recordStreamDir: /opt/hgcapp/recordStreams/record0.0.3, recordsLogPeriod: 2 secs, recordStreamQueueCapacity: 5000, initialHash: 000000000000000000000000000000000000000000000000000000000000000000000000000000000000000000000000
2022-02-21 16:54:59.774 INFO  53   RecordCacheFactory - Constructing the node-local txn id cache with ttl=180s
2022-02-21 16:55:00.822 INFO  70   StateInitializationFlow - Context updated with working state
2022-02-21 16:55:00.828 INFO  71   StateInitializationFlow -   (@ 0) # NFTs               = 0
2022-02-21 16:55:00.830 INFO  74   StateInitializationFlow -   (@ 1) # token associations = 0
2022-02-21 16:55:00.832 INFO  77   StateInitializationFlow -   (@ 2) # topics             = 0
2022-02-21 16:55:00.834 INFO  80   StateInitializationFlow -   (@ 3) # blobs              = 0
2022-02-21 16:55:00.836 INFO  83   StateInitializationFlow -   (@ 4) # accounts/contracts = 0
2022-02-21 16:55:00.837 INFO  86   StateInitializationFlow -   (@ 5) # tokens             = 0
2022-02-21 16:55:00.839 INFO  89   StateInitializationFlow -   (@ 8) # scheduled txns     = 0
2022-02-21 16:55:00.841 INFO  92   StateInitializationFlow -   (@ 11) # contract K/V pairs = 0
2022-02-21 16:55:00.844 INFO  243  RecordStreamManager - RecordStreamManager::setInitialHash: 000000000000000000000000000000000000000000000000000000000000000000000000000000000000000000000000
2022-02-21 16:55:00.847 INFO  98   StateInitializationFlow - Record running hash initialized
2022-02-21 16:55:00.849 INFO  102  StateInitializationFlow - Registered 5 file update interceptors
2022-02-21 16:55:00.853 INFO  86   StoreInitializationFlow - Backing stores rebuilt
2022-02-21 16:55:00.856 INFO  90   StoreInitializationFlow - Store internal views rebuilt
2022-02-21 16:55:00.869 INFO  373  UniqueTokenViewsManager -  - Started rebuilding NFTs by type in ForkJoinPool.commonPool-worker-1
2022-02-21 16:55:00.872 INFO  387  UniqueTokenViewsManager -  - Started rebuilding non-treasury NFTs by owner in ForkJoinPool.commonPool-worker-3
2022-02-21 16:55:00.871 INFO  380  UniqueTokenViewsManager -  - Started rebuilding treasury NFTs by type in ForkJoinPool.commonPool-worker-2
2022-02-21 16:55:00.876 INFO  390  UniqueTokenViewsManager -  - Finished rebuilding non-treasury NFTs by owner in ForkJoinPool.commonPool-worker-3
2022-02-21 16:55:00.876 INFO  383  UniqueTokenViewsManager -  - Finished rebuilding treasury NFTs in ForkJoinPool.commonPool-worker-2
2022-02-21 16:55:00.904 INFO  376  UniqueTokenViewsManager -  - Finished rebuilding NFTs by type in ForkJoinPool.commonPool-worker-1
2022-02-21 16:55:00.909 INFO  93   StoreInitializationFlow - Unique token views rebuilt
2022-02-21 16:55:00.914 INFO  74   AliasManager - Rebuild complete : No.of accounts with aliases 0 
2022-02-21 16:55:00.916 INFO  96   StoreInitializationFlow - Account aliases map rebuilt
2022-02-21 16:55:00.923 INFO  58   EntitiesInitializationFlow - Payer records reviewed
2022-02-21 16:55:00.930 INFO  61   EntitiesInitializationFlow - Short-lived entities reviewed
2022-02-21 16:55:00.932 INFO  64   EntitiesInitializationFlow - Signature impact history invalidated
2022-02-21 16:55:00.933 INFO  73   EntitiesInitializationFlow - Blob store is ready, loading observable system files
2022-02-21 16:55:00.935 INFO  116  NetworkCtxManager - Observable files not yet loaded, doing now.
2022-02-21 16:55:00.967 INFO  333  HfsSystemFilesManager - Bootstrapping properties from 'data/config/application.properties':
  autorenew.isEnabled=false
2022-02-21 16:55:01.212 INFO  59   StandardizedPropertySources - Reloading global dynamic properties from 1 candidates
2022-02-21 16:55:01.232 INFO  127  ScreenedSysFileProps - Global/dynamic properties overridden in system file are:
  autorenew.isEnabled=false
2022-02-21 16:55:01.265 INFO  224  DeterministicThrottling - Resolved frontend gas throttle -
  5000000 gas/sec (throttling ON)
2022-02-21 16:55:01.272 INFO  224  DeterministicThrottling - Resolved consensus gas throttle -
  15000000 gas/sec (throttling ON)
2022-02-21 16:55:01.288 INFO  333  HfsSystemFilesManager - Bootstrapping API permissions from 'data/config/api-permission.properties':
  adjustAllowance=0-*
  appendContent=0-*
  approveAllowances=0-*
  contractCallLocalMethod=0-*
  contractCallMethod=0-*
  contractGetBytecode=0-*
  createAccount=0-*
  createContract=0-*
  createFile=0-*
  createTopic=0-*
  cryptoDelete=0-*
  cryptoGetBalance=0-*
  cryptoTransfer=0-*
  deleteContract=0-*
  deleteFile=0-*
  deleteTopic=0-*
  freeze=2-58
  getAccountInfo=0-*
  getAccountRecords=0-*
  getContractInfo=0-*
  getFileContent=0-*
  getFileInfo=0-*
  getTopicInfo=0-*
  getTransactionReceipts=0-*
  getTxRecordByContractID=0-*
  getTxRecordByTxID=0-*
  getVersionInfo=0-*
  networkGetExecutionTime=2-50
  scheduleCreate=0-*
  scheduleDelete=0-*
  scheduleGetInfo=0-*
  scheduleSign=0-*
  submitMessage=0-*
  systemDelete=2-59
  systemUndelete=2-60
  tokenAccountWipe=0-*
  tokenAssociateToAccount=0-*
  tokenBurn=0-*
  tokenCreate=0-*
  tokenDelete=0-*
  tokenDissociateFromAccount=0-*
  tokenFeeScheduleUpdate=0-*
  tokenFreezeAccount=0-*
  tokenGetAccountNftInfos=0-*
  tokenGetInfo=0-*
  tokenGetNftInfo=0-*
  tokenGetNftInfos=0-*
  tokenGrantKycToAccount=0-*
  tokenMint=0-*
  tokenPause=0-*
  tokenRevokeKycFromAccount=0-*
  tokenUnfreezeAccount=0-*
  tokenUnpause=0-*
  tokenUpdate=0-*
  updateAccount=0-*
  updateContract=0-*
  updateFile=0-*
  updateTopic=0-*
2022-02-21 16:55:01.304 WARN  68   HapiOpPermissions - Ignoring key 'adjustAllowance', which does not correspond to a known Hedera operation!
2022-02-21 16:55:01.320 WARN  68   HapiOpPermissions - Ignoring key 'approveAllowances', which does not correspond to a known Hedera operation!
2022-02-21 16:55:02.452 INFO  244  DeterministicThrottling - Resolved throttles (after splitting capacity 1 ways) - 
  ConsensusCreateTopic: min{10000.00 tps (ThroughputLimits), 5.00 tps (CreationLimits)}
  ConsensusDeleteTopic: min{10000.00 tps (ThroughputLimits)}
  ConsensusGetTopicInfo: min{10000.00 tps (ThroughputLimits)}
  ConsensusSubmitMessage: min{10000.00 tps (ThroughputLimits)}
  ConsensusUpdateTopic: min{10000.00 tps (ThroughputLimits)}
  ContractCall: min{350.00 tps (ThroughputLimits)}
  ContractCallLocal: min{10000.00 tps (ThroughputLimits)}
  ContractCreate: min{350.00 tps (ThroughputLimits)}
  ContractDelete: min{10000.00 tps (ThroughputLimits)}
  ContractGetBytecode: min{10000.00 tps (ThroughputLimits)}
  ContractGetInfo: min{10000.00 tps (ThroughputLimits)}
  ContractGetRecords: min{10000.00 tps (ThroughputLimits)}
  ContractUpdate: min{10000.00 tps (ThroughputLimits)}
  CryptoCreate: min{10000.00 tps (ThroughputLimits), 2.00 tps (AccountCreationLimits)}
  CryptoDelete: min{10000.00 tps (ThroughputLimits)}
  CryptoGetAccountBalance: min{1000000.00 tps (FreeQueryLimits)}
  CryptoGetAccountRecords: min{10000.00 tps (ThroughputLimits)}
  CryptoGetInfo: min{10000.00 tps (ThroughputLimits)}
  CryptoTransfer: min{10000.00 tps (ThroughputLimits)}
  CryptoUpdate: min{10000.00 tps (ThroughputLimits)}
  FileAppend: min{13.00 tps (ThroughputLimits), 10.00 tps (PriorityReservations)}
  FileCreate: min{13.00 tps (ThroughputLimits), 10.00 tps (PriorityReservations)}
  FileDelete: min{13.00 tps (ThroughputLimits), 10.00 tps (PriorityReservations)}
  FileGetContents: min{10000.00 tps (ThroughputLimits)}
  FileGetInfo: min{10000.00 tps (ThroughputLimits)}
  FileUpdate: min{13.00 tps (ThroughputLimits), 10.00 tps (PriorityReservations)}
  GetVersionInfo: min{10000.00 tps (ThroughputLimits)}
  ScheduleCreate: min{10000.00 tps (ThroughputLimits), 100.00 tps (CreationLimits)}
  ScheduleDelete: min{10000.00 tps (ThroughputLimits)}
  ScheduleGetInfo: min{10000.00 tps (ThroughputLimits)}
  ScheduleSign: min{100.00 tps (ThroughputLimits)}
  TokenAccountWipe: min{3000.00 tps (ThroughputLimits)}
  TokenAssociateToAccount: min{3000.00 tps (ThroughputLimits), 100.00 tps (CreationLimits)}
  TokenBurn: min{3000.00 tps (ThroughputLimits)}
  TokenCreate: min{3000.00 tps (ThroughputLimits), 100.00 tps (CreationLimits)}
  TokenDelete: min{3000.00 tps (ThroughputLimits)}
  TokenDissociateFromAccount: min{3000.00 tps (ThroughputLimits)}
  TokenFeeScheduleUpdate: min{3000.00 tps (ThroughputLimits)}
  TokenFreezeAccount: min{3000.00 tps (ThroughputLimits)}
  TokenGetAccountNftInfos: min{10000.00 tps (ThroughputLimits)}
  TokenGetInfo: min{10000.00 tps (ThroughputLimits)}
  TokenGetNftInfo: min{10000.00 tps (ThroughputLimits)}
  TokenGetNftInfos: min{10000.00 tps (ThroughputLimits)}
  TokenGrantKycToAccount: min{3000.00 tps (ThroughputLimits)}
  TokenMint: min{3000.00 tps (ThroughputLimits)}
  TokenPause: min{3000.00 tps (ThroughputLimits)}
  TokenRevokeKycFromAccount: min{3000.00 tps (ThroughputLimits)}
  TokenUnfreezeAccount: min{3000.00 tps (ThroughputLimits)}
  TokenUnpause: min{3000.00 tps (ThroughputLimits)}
  TokenUpdate: min{3000.00 tps (ThroughputLimits)}
  TransactionGetReceipt: min{1000000.00 tps (FreeQueryLimits)}
  TransactionGetRecord: min{10000.00 tps (ThroughputLimits)}
2022-02-21 16:55:02.479 INFO  244  DeterministicThrottling - Resolved throttles (after splitting capacity 1 ways) - 
  ConsensusCreateTopic: min{10000.00 tps (ThroughputLimits), 5.00 tps (CreationLimits)}
  ConsensusDeleteTopic: min{10000.00 tps (ThroughputLimits)}
  ConsensusGetTopicInfo: min{10000.00 tps (ThroughputLimits)}
  ConsensusSubmitMessage: min{10000.00 tps (ThroughputLimits)}
  ConsensusUpdateTopic: min{10000.00 tps (ThroughputLimits)}
  ContractCall: min{350.00 tps (ThroughputLimits)}
  ContractCallLocal: min{10000.00 tps (ThroughputLimits)}
  ContractCreate: min{350.00 tps (ThroughputLimits)}
  ContractDelete: min{10000.00 tps (ThroughputLimits)}
  ContractGetBytecode: min{10000.00 tps (ThroughputLimits)}
  ContractGetInfo: min{10000.00 tps (ThroughputLimits)}
  ContractGetRecords: min{10000.00 tps (ThroughputLimits)}
  ContractUpdate: min{10000.00 tps (ThroughputLimits)}
  CryptoCreate: min{10000.00 tps (ThroughputLimits), 2.00 tps (AccountCreationLimits)}
  CryptoDelete: min{10000.00 tps (ThroughputLimits)}
  CryptoGetAccountBalance: min{1000000.00 tps (FreeQueryLimits)}
  CryptoGetAccountRecords: min{10000.00 tps (ThroughputLimits)}
  CryptoGetInfo: min{10000.00 tps (ThroughputLimits)}
  CryptoTransfer: min{10000.00 tps (ThroughputLimits)}
  CryptoUpdate: min{10000.00 tps (ThroughputLimits)}
  FileAppend: min{13.00 tps (ThroughputLimits), 10.00 tps (PriorityReservations)}
  FileCreate: min{13.00 tps (ThroughputLimits), 10.00 tps (PriorityReservations)}
  FileDelete: min{13.00 tps (ThroughputLimits), 10.00 tps (PriorityReservations)}
  FileGetContents: min{10000.00 tps (ThroughputLimits)}
  FileGetInfo: min{10000.00 tps (ThroughputLimits)}
  FileUpdate: min{13.00 tps (ThroughputLimits), 10.00 tps (PriorityReservations)}
  GetVersionInfo: min{10000.00 tps (ThroughputLimits)}
  ScheduleCreate: min{10000.00 tps (ThroughputLimits), 100.00 tps (CreationLimits)}
  ScheduleDelete: min{10000.00 tps (ThroughputLimits)}
  ScheduleGetInfo: min{10000.00 tps (ThroughputLimits)}
  ScheduleSign: min{100.00 tps (ThroughputLimits)}
  TokenAccountWipe: min{3000.00 tps (ThroughputLimits)}
  TokenAssociateToAccount: min{3000.00 tps (ThroughputLimits), 100.00 tps (CreationLimits)}
  TokenBurn: min{3000.00 tps (ThroughputLimits)}
  TokenCreate: min{3000.00 tps (ThroughputLimits), 100.00 tps (CreationLimits)}
  TokenDelete: min{3000.00 tps (ThroughputLimits)}
  TokenDissociateFromAccount: min{3000.00 tps (ThroughputLimits)}
  TokenFeeScheduleUpdate: min{3000.00 tps (ThroughputLimits)}
  TokenFreezeAccount: min{3000.00 tps (ThroughputLimits)}
  TokenGetAccountNftInfos: min{10000.00 tps (ThroughputLimits)}
  TokenGetInfo: min{10000.00 tps (ThroughputLimits)}
  TokenGetNftInfo: min{10000.00 tps (ThroughputLimits)}
  TokenGetNftInfos: min{10000.00 tps (ThroughputLimits)}
  TokenGrantKycToAccount: min{3000.00 tps (ThroughputLimits)}
  TokenMint: min{3000.00 tps (ThroughputLimits)}
  TokenPause: min{3000.00 tps (ThroughputLimits)}
  TokenRevokeKycFromAccount: min{3000.00 tps (ThroughputLimits)}
  TokenUnfreezeAccount: min{3000.00 tps (ThroughputLimits)}
  TokenUnpause: min{3000.00 tps (ThroughputLimits)}
  TokenUpdate: min{3000.00 tps (ThroughputLimits)}
  TransactionGetReceipt: min{1000000.00 tps (FreeQueryLimits)}
  TransactionGetRecord: min{10000.00 tps (ThroughputLimits)}
2022-02-21 16:55:02.491 INFO  232  TxnRateFeeMultiplierSource - The new cutoffs for congestion pricing are:
  (ThroughputLimits) When logical TPS exceeds:
    2457000.00 TPS, multiplier is 10x
    2593500.00 TPS, multiplier is 25x
    2702700.00 TPS, multiplier is 100x
2022-02-21 16:55:02.495 INFO  118  NetworkCtxManager - Loaded observable files
2022-02-21 16:55:02.499 WARN  140  MerkleNetworkContext - There are 5 active throttles, but 0 usage snapshots from saved state. Not performing a reset!
2022-02-21 16:55:02.503 INFO  232  TxnRateFeeMultiplierSource - The new cutoffs for congestion pricing are:
  (ThroughputLimits) When logical TPS exceeds:
    2457000.00 TPS, multiplier is 10x
    2593500.00 TPS, multiplier is 25x
    2702700.00 TPS, multiplier is 100x
2022-02-21 16:55:02.513 INFO  75   EntitiesInitializationFlow - Finished loading observable system files
2022-02-21 16:55:02.804 INFO  418  ServicesState - Created prefetch processor
2022-02-21 16:55:02.812 INFO  57   HashLogger - [SwirldState Hashes]
Overall                :: null
Accounts               :: null
Storage                :: <N/A>
Topics                 :: null
Tokens                 :: null
TokenAssociations      :: null
SpecialFiles           :: 38b060a751ac96384cd9327eb1b1e36a21fdb71114be07434c0cc7bf63f6e1da274edebfe76f65fbd51ad2f14898b95b
ScheduledTxs           :: null
NetworkContext         :: null
AddressBook            :: null
RecordsRunningHashLeaf :: null
  ↪ Running hash       :: 000000000000000000000000000000000000000000000000000000000000000000000000000000000000000000000000
UniqueTokens           :: null
ContractStorage        :: <N/A>
2022-02-21 16:55:02.877 INFO  302  ServicesState - The network context (state version 15) is,
  Consensus time of last handled transaction :: <N/A>
  Pending maintenance                        :: <NONE>
    w/ NMT upgrade prepped                   :: <NONE>
  Midnight rate set                          :: 1ℏ <-> 12¢ til 4102444800 | 1ℏ <-> 15¢ til 4102444800
  Last midnight boundary check               :: <N/A>
  Next entity number                         :: 1001
  Last scanned entity                        :: 1000
  Entities scanned last consensus second     :: 0
  Entities touched last consensus second     :: 0
  Throttle usage snapshots are               :: <N/A>
  Congestion level start times are           :: <N/A>
2022-02-21 16:55:02.881 INFO  421  ServicesState -   --> Context initialized accordingly on Services node 0
2022-02-21 16:55:02.967 INFO  204  ServicesMain - Using context to initialize HederaNode#0...
2022-02-21 16:55:03.279 INFO  132  ServicesMain - System files rationalized
2022-02-21 16:55:03.688 INFO  108  BackedSystemAccountsCreator - Ledger float is 5000000000000000000 tinyBars in 201 accounts.
2022-02-21 16:55:03.707 INFO  135  ServicesMain - System accounts initialized
2022-02-21 16:55:03.755 INFO  138  ServicesMain - Ledger state ok
2022-02-21 16:55:03.886 INFO  141  ServicesMain - Platform is configured w/ callbacks and stats registered
2022-02-21 16:55:03.894 INFO  144  ServicesMain - Accounts exported (if requested)
2022-02-21 16:55:03.900 INFO  53   ExecutionTimeTracker - Not tracking execution times (stats.executionTimesToTrack=0)
2022-02-21 16:55:04.154 INFO  67   GrpcStarter - TLS is turned on by default on node 0
2022-02-21 16:55:04.167 INFO  68   GrpcStarter - Active profile: PROD
2022-02-21 16:55:04.181 INFO  93   GrpcStarter - Starting Netty on port 50211...
2022-02-21 16:55:04.198 INFO  70   ConfigDrivenNettyFactory - Configuring a Netty server on port 50211 (TLS OFF) for PROD environment
2022-02-21 16:55:05.061 INFO  93   GrpcStarter - ...done starting Netty on port 50211.
2022-02-21 16:55:05.068 INFO  93   GrpcStarter - Starting Netty with TLS support on port 50212...
2022-02-21 16:55:05.069 INFO  70   ConfigDrivenNettyFactory - Configuring a Netty server on port 50212 (TLS ON) for PROD environment
2022-02-21 16:55:06.146 INFO  93   GrpcStarter - ...done starting Netty with TLS support on port 50212.
2022-02-21 16:55:06.149 INFO  147  ServicesMain - Netty started (if appropriate)
This computer has an internal IP address:  192.168.96.3
2022-02-21 16:55:06.548 INFO  75   ServicesMain - Now current platform status = ACTIVE in HederaNode#0.
2022-02-21 16:55:06.550 INFO  229  RecordStreamManager - RecordStream inFreeze is set to be false 
Storage Path: /opt/hgcapp/services-hedera/HapiApp2.0/data/saved/com.hedera.services.ServicesMain/0/hedera/1
